[+] Containers:
 |- [+] Container: /Game/ThirdPerson/Maps/ThirdPersonMap
 |   |- [+] ActorDescs:
 |   |   |- Guid:11D3AD7D4BE90041CBA26887B393F1A4 BaseClass:/Game/Blueprints/BP_Enum.BP_Enum_C NativeClass:/Script/Engine.Actor Name:BP_Enum_C_UAID_D843AE82D964D9A302_1327265831 Label:BP_Enum3 SpatiallyLoaded:true EditorBounds:IsValid=true, Min=(X=2135.000 Y=2085.000 Z=0.000), Max=(X=2185.000 Y=2135.000 Z=100.000) RuntimeBounds:IsValid=true, Min=(X=2135.000 Y=2085.000 Z=0.000), Max=(X=2185.000 Y=2135.000 Z=100.000) RuntimeGrid:None EditorOnly:false RuntimeOnly:false HLODRelevant:false ListedInSceneOutliner:true IsMainWorldOnly:false
 |   |   |- Guid:242C43F0496BB0A66FF9299ED20FCDE7 NativeClass:/Script/Engine.PointLight Name:PointLight_UAID_D843AE82D964D7A302_2093670475 Label:PointLight4 SpatiallyLoaded:true EditorBounds:IsValid=true, Min=(X=1000.000 Y=-450.000 Z=-760.000), Max=(X=3000.000 Y=1550.000 Z=1240.000) RuntimeBounds:IsValid=true, Min=(X=1000.000 Y=-450.000 Z=-760.000), Max=(X=3000.000 Y=1550.000 Z=1240.000) RuntimeGrid:None EditorOnly:false RuntimeOnly:false HLODRelevant:false ListedInSceneOutliner:true IsMainWorldOnly:false
 |   |   |- Guid:2FB58999456391D349DC0F86DAC136ED NativeClass:/Script/Engine.SkyLight Name:SkyLight_1 Label:SkyLight SpatiallyLoaded:false EditorBounds:IsValid=true, Min=(X=0.000 Y=0.000 Z=690.000), Max=(X=0.000 Y=0.000 Z=690.000) RuntimeBounds:IsValid=true, Min=(X=0.000 Y=0.000 Z=690.000), Max=(X=0.000 Y=0.000 Z=690.000) RuntimeGrid:None EditorOnly:false RuntimeOnly:false HLODRelevant:false ListedInSceneOutliner:true IsMainWorldOnly:false FolderPath:Lighting FolderGuid:963EC3EB4002CCE9759E2EBA541A873A
 |   |   |- Guid:316CF2A6494ACA4C0E4180A87D36AB8F NativeClass:/Script/Engine.ExponentialHeightFog Name:ExponentialHeightFog_0 Label:ExponentialHeightFog SpatiallyLoaded:false EditorBounds:IsValid=true, Min=(X=-5600.000 Y=-50.000 Z=-6850.000), Max=(X=-5600.000 Y=-50.000 Z=-6850.000) RuntimeBounds:IsValid=true, Min=(X=-5600.000 Y=-50.000 Z=-6850.000), Max=(X=-5600.000 Y=-50.000 Z=-6850.000) RuntimeGrid:None EditorOnly:false RuntimeOnly:false HLODRelevant:false ListedInSceneOutliner:true IsMainWorldOnly:false FolderPath:Lighting FolderGuid:963EC3EB4002CCE9759E2EBA541A873A
 |   |   |- Guid:3A00AA1C422CE54C0BDB60BAF471BFBB NativeClass:/Script/Engine.PlayerStart Name:PlayerStart_0 Label:PlayerStart SpatiallyLoaded:false EditorBounds:IsValid=true, Min=(X=2390.000 Y=1122.000 Z=-35.987), Max=(X=2758.000 Y=1378.000 Z=220.013) RuntimeBounds:IsValid=true, Min=(X=2590.000 Y=1210.000 Z=0.013), Max=(X=2670.000 Y=1290.000 Z=184.013) RuntimeGrid:None EditorOnly:false RuntimeOnly:false HLODRelevant:false ListedInSceneOutliner:true IsMainWorldOnly:false
 |   |   |- Guid:403B091147DFB0486A1B7099A06E3838 BaseClass:/Game/Blueprints/BP_Wall.BP_Wall_C NativeClass:/Script/Engine.Actor Name:BP_Wall_C_UAID_D843AE82D964D7A302_1996070471 Label:BP_Wall SpatiallyLoaded:true EditorBounds:IsValid=true, Min=(X=1915.000 Y=500.000 Z=-20.000), Max=(X=1965.000 Y=800.000 Z=280.000) RuntimeBounds:IsValid=true, Min=(X=1915.000 Y=500.000 Z=-20.000), Max=(X=1965.000 Y=800.000 Z=280.000) RuntimeGrid:None EditorOnly:false RuntimeOnly:false HLODRelevant:false ListedInSceneOutliner:true IsMainWorldOnly:false
 |   |   |- Guid:41CC902C41577E5B1436AF96B012BD57 BaseClass:/Game/Blueprints/BP_Enum.BP_Enum_C NativeClass:/Script/Engine.Actor Name:BP_Enum_C_UAID_D843AE82D964D9A302_1323307829 Label:BP_Enum SpatiallyLoaded:true EditorBounds:IsValid=true, Min=(X=2100.000 Y=1740.000 Z=0.000), Max=(X=2200.000 Y=1840.000 Z=100.000) RuntimeBounds:IsValid=true, Min=(X=2100.000 Y=1740.000 Z=0.000), Max=(X=2200.000 Y=1840.000 Z=100.000) RuntimeGrid:None EditorOnly:false RuntimeOnly:false HLODRelevant:false ListedInSceneOutliner:true IsMainWorldOnly:false
 |   |   |- Guid:4D3BE93F4146AAAC8BBE79999D96D57F NativeClass:/Script/Engine.VolumetricCloud Name:VolumetricCloud_0 Label:VolumetricCloud SpatiallyLoaded:false EditorBounds:IsValid=true, Min=(X=0.000 Y=0.000 Z=820.000), Max=(X=0.000 Y=0.000 Z=820.000) RuntimeBounds:IsValid=true, Min=(X=0.000 Y=0.000 Z=820.000), Max=(X=0.000 Y=0.000 Z=820.000) RuntimeGrid:None EditorOnly:false RuntimeOnly:false HLODRelevant:false ListedInSceneOutliner:true IsMainWorldOnly:false FolderPath:Lighting FolderGuid:963EC3EB4002CCE9759E2EBA541A873A
 |   |   |- Guid:55873DFB46BC217F5E3095B97B62F67A NativeClass:/Script/Engine.PointLight Name:PointLight_UAID_D843AE82D964D7A302_2091968474 Label:PointLight3 SpatiallyLoaded:true EditorBounds:IsValid=true, Min=(X=1000.000 Y=-380.000 Z=-760.000), Max=(X=3000.000 Y=1620.000 Z=1240.000) RuntimeBounds:IsValid=true, Min=(X=1000.000 Y=-380.000 Z=-760.000), Max=(X=3000.000 Y=1620.000 Z=1240.000) RuntimeGrid:None EditorOnly:false RuntimeOnly:false HLODRelevant:false ListedInSceneOutliner:true IsMainWorldOnly:false
 |   |   |- Guid:5B97F4A64FB21F77EFC44386BF705B4C NativeClass:/Script/Engine.TextRenderActor Name:TextRenderActor_1 Label:TextRenderActor SpatiallyLoaded:true EditorBounds:IsValid=true, Min=(X=-0.100 Y=1100.000 Z=65.013), Max=(X=-0.100 Y=2392.308 Z=215.013) RuntimeBounds:IsValid=true, Min=(X=-0.100 Y=1100.000 Z=65.013), Max=(X=-0.100 Y=2392.308 Z=215.013) RuntimeGrid:None EditorOnly:false RuntimeOnly:false HLODRelevant:false ListedInSceneOutliner:true IsMainWorldOnly:false
 |   |   |- Guid:5BD66C604B7B8DBA7B7B8CB042900DED BaseClass:/Game/Blueprints/BP_Enum.BP_Enum_C NativeClass:/Script/Engine.Actor Name:BP_Enum_C_UAID_D843AE82D964D9A302_1325094830 Label:BP_Enum2 SpatiallyLoaded:true EditorBounds:IsValid=true, Min=(X=2110.000 Y=1910.000 Z=-10.000), Max=(X=2210.000 Y=2010.000 Z=90.000) RuntimeBounds:IsValid=true, Min=(X=2110.000 Y=1910.000 Z=-10.000), Max=(X=2210.000 Y=2010.000 Z=90.000) RuntimeGrid:None EditorOnly:false RuntimeOnly:false HLODRelevant:false ListedInSceneOutliner:true IsMainWorldOnly:false
 |   |   |- Guid:5C4FABF8479BB39BEC1223945E6773E2 BaseClass:/Game/ThirdPerson/Blueprints/Character1.Character1_C NativeClass:/Script/Engine.Character Name:BP_ThirdPersonCharacter1_C_UAID_D843AE82D964D6A302_1101238291 Label:BP_ThirdPersonCharacter1 SpatiallyLoaded:true EditorBounds:IsValid=true, Min=(X=-100.000 Y=450.000 Z=-911.508), Max=(X=1920.000 Y=2470.000 Z=1108.492) RuntimeBounds:IsValid=true, Min=(X=1274.953 Y=1410.530 Z=-21.725), Max=(X=1348.034 Y=1507.611 Z=180.000) RuntimeGrid:None EditorOnly:false RuntimeOnly:false HLODRelevant:false ListedInSceneOutliner:true IsMainWorldOnly:false
 |   |   |- Guid:5DD68F7041F9B558C3FC6A844F2A587F BaseClass:/Game/Blueprints/BP_Construction.BP_Construction_C NativeClass:/Script/Engine.Actor Name:BP_Construction_C_UAID_D843AE82D964D5A302_1486934112 Label:BP_Construction SpatiallyLoaded:true EditorBounds:IsValid=true, Min=(X=1650.000 Y=880.000 Z=20.000), Max=(X=1750.000 Y=980.000 Z=120.000) RuntimeBounds:IsValid=true, Min=(X=1650.000 Y=880.000 Z=20.000), Max=(X=1750.000 Y=980.000 Z=120.000) RuntimeGrid:None EditorOnly:false RuntimeOnly:false HLODRelevant:false ListedInSceneOutliner:true IsMainWorldOnly:false
 |   |   |- Guid:687061B64D9A8E1E7836E3931BE88E12 NativeClass:/Script/Engine.TriggerVolume Name:TriggerVolume_UAID_D843AE82D964D8A302_1094970652 Label:TriggerVolume SpatiallyLoaded:true EditorBounds:IsValid=true, Min=(X=2190.000 Y=540.000 Z=10.000), Max=(X=2390.000 Y=740.000 Z=210.000) RuntimeBounds:IsValid=true, Min=(X=2190.000 Y=540.000 Z=10.000), Max=(X=2390.000 Y=740.000 Z=210.000) RuntimeGrid:None EditorOnly:false RuntimeOnly:false HLODRelevant:false ListedInSceneOutliner:true IsMainWorldOnly:false
 |   |   |- Guid:6BAF4DDD444C60371492D3919DB42C97 NativeClass:/Script/Engine.WorldDataLayers Name:WorldDataLayers Label:WorldDataLayers SpatiallyLoaded:false EditorBounds:IsValid=true, Min=(X=0.000 Y=0.000 Z=0.000), Max=(X=0.000 Y=0.000 Z=0.000) RuntimeBounds:IsValid=true, Min=(X=0.000 Y=0.000 Z=0.000), Max=(X=0.000 Y=0.000 Z=0.000) RuntimeGrid:None EditorOnly:false RuntimeOnly:false HLODRelevant:false ListedInSceneOutliner:true IsMainWorldOnly:true
 |   |   |- Guid:6D328DA1458C7E3E19C67B8FD6CD591F BaseClass:/Game/ThirdPerson/Blueprints/Character2.Character2_C NativeClass:/Script/Engine.Character Name:Character2_C_UAID_D843AE82D964D6A302_1151383292 Label:Character2 SpatiallyLoaded:true EditorBounds:IsValid=true, Min=(X=-60.000 Y=210.000 Z=-911.508), Max=(X=1960.000 Y=2230.000 Z=1108.492) RuntimeBounds:IsValid=true, Min=(X=1313.199 Y=1170.412 Z=-0.478), Max=(X=1385.903 Y=1258.040 Z=186.700) RuntimeGrid:None EditorOnly:false RuntimeOnly:false HLODRelevant:false ListedInSceneOutliner:true IsMainWorldOnly:false
 |   |   |- Guid:74B874B741B261948051FFA141B04A6A NativeClass:/Script/Engine.PointLight Name:PointLight_UAID_D843AE82D964D7A302_2089657473 Label:PointLight2 SpatiallyLoaded:true EditorBounds:IsValid=true, Min=(X=1000.000 Y=-310.000 Z=-760.000), Max=(X=3000.000 Y=1690.000 Z=1240.000) RuntimeBounds:IsValid=true, Min=(X=1000.000 Y=-310.000 Z=-760.000), Max=(X=3000.000 Y=1690.000 Z=1240.000) RuntimeGrid:None EditorOnly:false RuntimeOnly:false HLODRelevant:false ListedInSceneOutliner:true IsMainWorldOnly:false
 |   |   |- Guid:83607A5949F19FA9C192D4A9212547FC NativeClass:/Script/Engine.PointLight Name:PointLight_UAID_D843AE82D964D7A302_2066551472 Label:PointLight SpatiallyLoaded:true EditorBounds:IsValid=true, Min=(X=1000.000 Y=-240.000 Z=-760.000), Max=(X=3000.000 Y=1760.000 Z=1240.000) RuntimeBounds:IsValid=true, Min=(X=1000.000 Y=-240.000 Z=-760.000), Max=(X=3000.000 Y=1760.000 Z=1240.000) RuntimeGrid:None EditorOnly:false RuntimeOnly:false HLODRelevant:false ListedInSceneOutliner:true IsMainWorldOnly:false
 |   |   |- Guid:A56216954B2165CF0F35A886B537D536 NativeClass:/Script/Engine.StaticMeshActor Name:StaticMeshActor_0 Label:SM_Cube5 SpatiallyLoaded:true EditorBounds:IsValid=true, Min=(X=-0.000 Y=100.000 Z=0.000), Max=(X=100.000 Y=3400.000 Z=400.000) RuntimeBounds:IsValid=true, Min=(X=-0.000 Y=100.000 Z=0.000), Max=(X=100.000 Y=3400.000 Z=400.000) RuntimeGrid:None EditorOnly:false RuntimeOnly:false HLODRelevant:true ListedInSceneOutliner:true IsMainWorldOnly:false FolderPath:Playground FolderGuid:C73F09FC4215536B1DCE2A9E0A830C70
 |   |   |- Guid:B785ED2844B84CFB91E7F39FE661CD99 NativeClass:/Script/Engine.DirectionalLight Name:DirectionalLight_0 Label:DirectionalLight SpatiallyLoaded:false EditorBounds:IsValid=true, Min=(X=-1048576.000 Y=-1048576.000 Z=-1048576.000), Max=(X=1048576.000 Y=1048576.000 Z=1048576.000) RuntimeBounds:IsValid=true, Min=(X=-1048576.000 Y=-1048576.000 Z=-1048576.000), Max=(X=1048576.000 Y=1048576.000 Z=1048576.000) RuntimeGrid:None EditorOnly:false RuntimeOnly:false HLODRelevant:false ListedInSceneOutliner:true IsMainWorldOnly:false FolderPath:Lighting FolderGuid:963EC3EB4002CCE9759E2EBA541A873A
 |   |   |- Guid:BB88B29448FC35411E427E91EEE5E9F5 BaseClass:/Game/Blueprints/BP_Hello.BP_Hello_C NativeClass:/Script/Engine.Actor Name:BP_Hello_C_UAID_D843AE82D964D5A302_1407604111 Label:BP_Hello SpatiallyLoaded:true EditorBounds:IsValid=true, Min=(X=890.000 Y=930.000 Z=0.000), Max=(X=890.000 Y=930.000 Z=0.000) RuntimeBounds:IsValid=true, Min=(X=890.000 Y=930.000 Z=0.000), Max=(X=890.000 Y=930.000 Z=0.000) RuntimeGrid:None EditorOnly:false RuntimeOnly:false HLODRelevant:false ListedInSceneOutliner:true IsMainWorldOnly:false
 |   |   |- Guid:BC08B79C4EA3C961CFF75EBBE83B367D NativeClass:/Script/Engine.StaticMeshActor Name:StaticMeshActor_5 Label:SM_Cube2 SpatiallyLoaded:true EditorBounds:IsValid=true, Min=(X=0.000 Y=0.000 Z=0.000), Max=(X=3000.000 Y=100.000 Z=400.000) RuntimeBounds:IsValid=true, Min=(X=0.000 Y=0.000 Z=0.000), Max=(X=3000.000 Y=100.000 Z=400.000) RuntimeGrid:None EditorOnly:false RuntimeOnly:false HLODRelevant:true ListedInSceneOutliner:true IsMainWorldOnly:false FolderPath:Playground FolderGuid:C73F09FC4215536B1DCE2A9E0A830C70
 |   |   |- Guid:BDDEF0A747C894854C7103A6110951BC BaseClass:/Game/ThirdPerson/Blueprints/Character3.Character3_C NativeClass:/Script/Engine.Character Name:Character3_C_UAID_D843AE82D964D6A302_1155733293 Label:Character3 SpatiallyLoaded:true EditorBounds:IsValid=true, Min=(X=-20.000 Y=50.000 Z=-911.508), Max=(X=2000.000 Y=2070.000 Z=1108.492) RuntimeBounds:IsValid=true, Min=(X=1355.000 Y=1025.000 Z=-0.149), Max=(X=1427.592 Y=1095.000 Z=180.332) RuntimeGrid:None EditorOnly:false RuntimeOnly:false HLODRelevant:false ListedInSceneOutliner:true IsMainWorldOnly:false
 |   |   |- Guid:C928D22248EDA33557D6BB883486BDE7 BaseClass:/Game/Blueprints/BP_Explosion.BP_Explosion_C NativeClass:/Script/Engine.Actor Name:BP_Explosion_C_UAID_D843AE82D964D5A302_1748489113 Label:BP_Explosion SpatiallyLoaded:true EditorBounds:IsValid=true, Min=(X=1630.000 Y=1290.000 Z=0.000), Max=(X=1730.000 Y=1390.000 Z=100.000) RuntimeBounds:IsValid=true, Min=(X=1630.000 Y=1290.000 Z=0.000), Max=(X=1730.000 Y=1390.000 Z=100.000) RuntimeGrid:None EditorOnly:false RuntimeOnly:false HLODRelevant:false ListedInSceneOutliner:true IsMainWorldOnly:false
 |   |   |- Guid:CCFF262C46EEFFDF319E7F9539CE697E NativeClass:/Script/Engine.SkyAtmosphere Name:SkyAtmosphere_0 Label:SkyAtmosphere SpatiallyLoaded:false EditorBounds:IsValid=true, Min=(X=0.000 Y=0.000 Z=1020.000), Max=(X=0.000 Y=0.000 Z=1020.000) RuntimeBounds:IsValid=true, Min=(X=0.000 Y=0.000 Z=1020.000), Max=(X=0.000 Y=0.000 Z=1020.000) RuntimeGrid:None EditorOnly:false RuntimeOnly:false HLODRelevant:false ListedInSceneOutliner:true IsMainWorldOnly:false FolderPath:Lighting FolderGuid:963EC3EB4002CCE9759E2EBA541A873A
 |   |   |- Guid:EC4E0C944CE6AC6E784BC6BB2916EA13 NativeClass:/Script/Engine.StaticMeshActor Name:StaticMeshActor_UAID_A4AE111137DC5EFB00_1110535423 Label:SM_SkySphere SpatiallyLoaded:false EditorBounds:IsValid=true, Min=(X=-1638400.000 Y=-1638400.000 Z=-1638400.000), Max=(X=1638400.000 Y=1638400.000 Z=1638400.000) RuntimeBounds:IsValid=true, Min=(X=-1638400.000 Y=-1638400.000 Z=-1638400.000), Max=(X=1638400.000 Y=1638400.000 Z=1638400.000) RuntimeGrid:None EditorOnly:false RuntimeOnly:false HLODRelevant:true ListedInSceneOutliner:true IsMainWorldOnly:false FolderPath:Lighting FolderGuid:963EC3EB4002CCE9759E2EBA541A873A
 |   |   |- Guid:F1924B8D48954B30891B2DB6A694F9CC NativeClass:/Script/Engine.StaticMeshActor Name:StaticMeshActor_1 Label:SM_Cube SpatiallyLoaded:true EditorBounds:IsValid=true, Min=(X=0.000 Y=0.000 Z=-50.000), Max=(X=3000.000 Y=3500.000 Z=0.000) RuntimeBounds:IsValid=true, Min=(X=0.000 Y=0.000 Z=-50.000), Max=(X=3000.000 Y=3500.000 Z=0.000) RuntimeGrid:None EditorOnly:false RuntimeOnly:false HLODRelevant:true ListedInSceneOutliner:true IsMainWorldOnly:false FolderPath:Playground FolderGuid:C73F09FC4215536B1DCE2A9E0A830C70
 |   |   |- Guid:F5E3FEB3450C49844FD93DA8E083C8AD NativeClass:/Script/Engine.PostProcessVolume Name:PostProcessVolume_0 Label:PostProcessVolume SpatiallyLoaded:false EditorBounds:IsValid=true, Min=(X=0.000 Y=0.000 Z=400.000), Max=(X=200.000 Y=200.000 Z=600.000) RuntimeBounds:IsValid=true, Min=(X=0.000 Y=0.000 Z=400.000), Max=(X=200.000 Y=200.000 Z=600.000) RuntimeGrid:None EditorOnly:false RuntimeOnly:false HLODRelevant:false ListedInSceneOutliner:true IsMainWorldOnly:false FolderPath:Lighting FolderGuid:963EC3EB4002CCE9759E2EBA541A873A
 |   |   |- Guid:FF698C67459ADB4982D7759C0905EE9F NativeClass:/Script/Engine.StaticMeshActor Name:StaticMeshActor_6 Label:SM_Cube3 SpatiallyLoaded:true EditorBounds:IsValid=true, Min=(X=0.000 Y=3400.000 Z=0.000), Max=(X=3000.000 Y=3500.000 Z=400.000) RuntimeBounds:IsValid=true, Min=(X=0.000 Y=3400.000 Z=0.000), Max=(X=3000.000 Y=3500.000 Z=400.000) RuntimeGrid:None EditorOnly:false RuntimeOnly:false HLODRelevant:true ListedInSceneOutliner:true IsMainWorldOnly:false FolderPath:Playground FolderGuid:C73F09FC4215536B1DCE2A9E0A830C70
 |   |   |- Guid:FFBAEBF7425E154687A890B8031B2530 NativeClass:/Script/Engine.StaticMeshActor Name:StaticMeshActor_UAID_D843AE82D964D7A302_1121218470 Label:MaterialDisplay SpatiallyLoaded:true EditorBounds:IsValid=true, Min=(X=1750.000 Y=1500.000 Z=0.000), Max=(X=1850.000 Y=1600.000 Z=100.000) RuntimeBounds:IsValid=true, Min=(X=1750.000 Y=1500.000 Z=0.000), Max=(X=1850.000 Y=1600.000 Z=100.000) RuntimeGrid:None EditorOnly:false RuntimeOnly:false HLODRelevant:false ListedInSceneOutliner:true IsMainWorldOnly:false
 |   |- [+] Clusters:
 |   |   |- [+] [  0]
 |   |   |   |- Guid:11D3AD7D4BE90041CBA26887B393F1A4 BaseClass:/Game/Blueprints/BP_Enum.BP_Enum_C NativeClass:/Script/Engine.Actor Name:BP_Enum_C_UAID_D843AE82D964D9A302_1327265831 Label:BP_Enum3 SpatiallyLoaded:true EditorBounds:IsValid=true, Min=(X=2135.000 Y=2085.000 Z=0.000), Max=(X=2185.000 Y=2135.000 Z=100.000) RuntimeBounds:IsValid=true, Min=(X=2135.000 Y=2085.000 Z=0.000), Max=(X=2185.000 Y=2135.000 Z=100.000) RuntimeGrid:None EditorOnly:false RuntimeOnly:false HLODRelevant:false ListedInSceneOutliner:true IsMainWorldOnly:false
 |   |   |- [+] [  1]
 |   |   |   |- Guid:242C43F0496BB0A66FF9299ED20FCDE7 NativeClass:/Script/Engine.PointLight Name:PointLight_UAID_D843AE82D964D7A302_2093670475 Label:PointLight4 SpatiallyLoaded:true EditorBounds:IsValid=true, Min=(X=1000.000 Y=-450.000 Z=-760.000), Max=(X=3000.000 Y=1550.000 Z=1240.000) RuntimeBounds:IsValid=true, Min=(X=1000.000 Y=-450.000 Z=-760.000), Max=(X=3000.000 Y=1550.000 Z=1240.000) RuntimeGrid:None EditorOnly:false RuntimeOnly:false HLODRelevant:false ListedInSceneOutliner:true IsMainWorldOnly:false
 |   |   |- [+] [  2]
 |   |   |   |- Guid:2FB58999456391D349DC0F86DAC136ED NativeClass:/Script/Engine.SkyLight Name:SkyLight_1 Label:SkyLight SpatiallyLoaded:false EditorBounds:IsValid=true, Min=(X=0.000 Y=0.000 Z=690.000), Max=(X=0.000 Y=0.000 Z=690.000) RuntimeBounds:IsValid=true, Min=(X=0.000 Y=0.000 Z=690.000), Max=(X=0.000 Y=0.000 Z=690.000) RuntimeGrid:None EditorOnly:false RuntimeOnly:false HLODRelevant:false ListedInSceneOutliner:true IsMainWorldOnly:false FolderPath:Lighting FolderGuid:963EC3EB4002CCE9759E2EBA541A873A
 |   |   |- [+] [  3]
 |   |   |   |- Guid:316CF2A6494ACA4C0E4180A87D36AB8F NativeClass:/Script/Engine.ExponentialHeightFog Name:ExponentialHeightFog_0 Label:ExponentialHeightFog SpatiallyLoaded:false EditorBounds:IsValid=true, Min=(X=-5600.000 Y=-50.000 Z=-6850.000), Max=(X=-5600.000 Y=-50.000 Z=-6850.000) RuntimeBounds:IsValid=true, Min=(X=-5600.000 Y=-50.000 Z=-6850.000), Max=(X=-5600.000 Y=-50.000 Z=-6850.000) RuntimeGrid:None EditorOnly:false RuntimeOnly:false HLODRelevant:false ListedInSceneOutliner:true IsMainWorldOnly:false FolderPath:Lighting FolderGuid:963EC3EB4002CCE9759E2EBA541A873A
 |   |   |- [+] [  4]
 |   |   |   |- Guid:3A00AA1C422CE54C0BDB60BAF471BFBB NativeClass:/Script/Engine.PlayerStart Name:PlayerStart_0 Label:PlayerStart SpatiallyLoaded:false EditorBounds:IsValid=true, Min=(X=2390.000 Y=1122.000 Z=-35.987), Max=(X=2758.000 Y=1378.000 Z=220.013) RuntimeBounds:IsValid=true, Min=(X=2590.000 Y=1210.000 Z=0.013), Max=(X=2670.000 Y=1290.000 Z=184.013) RuntimeGrid:None EditorOnly:false RuntimeOnly:false HLODRelevant:false ListedInSceneOutliner:true IsMainWorldOnly:false
 |   |   |- [+] [  5]
 |   |   |   |- Guid:403B091147DFB0486A1B7099A06E3838 BaseClass:/Game/Blueprints/BP_Wall.BP_Wall_C NativeClass:/Script/Engine.Actor Name:BP_Wall_C_UAID_D843AE82D964D7A302_1996070471 Label:BP_Wall SpatiallyLoaded:true EditorBounds:IsValid=true, Min=(X=1915.000 Y=500.000 Z=-20.000), Max=(X=1965.000 Y=800.000 Z=280.000) RuntimeBounds:IsValid=true, Min=(X=1915.000 Y=500.000 Z=-20.000), Max=(X=1965.000 Y=800.000 Z=280.000) RuntimeGrid:None EditorOnly:false RuntimeOnly:false HLODRelevant:false ListedInSceneOutliner:true IsMainWorldOnly:false
 |   |   |- [+] [  6]
 |   |   |   |- Guid:41CC902C41577E5B1436AF96B012BD57 BaseClass:/Game/Blueprints/BP_Enum.BP_Enum_C NativeClass:/Script/Engine.Actor Name:BP_Enum_C_UAID_D843AE82D964D9A302_1323307829 Label:BP_Enum SpatiallyLoaded:true EditorBounds:IsValid=true, Min=(X=2100.000 Y=1740.000 Z=0.000), Max=(X=2200.000 Y=1840.000 Z=100.000) RuntimeBounds:IsValid=true, Min=(X=2100.000 Y=1740.000 Z=0.000), Max=(X=2200.000 Y=1840.000 Z=100.000) RuntimeGrid:None EditorOnly:false RuntimeOnly:false HLODRelevant:false ListedInSceneOutliner:true IsMainWorldOnly:false
 |   |   |- [+] [  7]
 |   |   |   |- Guid:4D3BE93F4146AAAC8BBE79999D96D57F NativeClass:/Script/Engine.VolumetricCloud Name:VolumetricCloud_0 Label:VolumetricCloud SpatiallyLoaded:false EditorBounds:IsValid=true, Min=(X=0.000 Y=0.000 Z=820.000), Max=(X=0.000 Y=0.000 Z=820.000) RuntimeBounds:IsValid=true, Min=(X=0.000 Y=0.000 Z=820.000), Max=(X=0.000 Y=0.000 Z=820.000) RuntimeGrid:None EditorOnly:false RuntimeOnly:false HLODRelevant:false ListedInSceneOutliner:true IsMainWorldOnly:false FolderPath:Lighting FolderGuid:963EC3EB4002CCE9759E2EBA541A873A
 |   |   |- [+] [  8]
 |   |   |   |- Guid:55873DFB46BC217F5E3095B97B62F67A NativeClass:/Script/Engine.PointLight Name:PointLight_UAID_D843AE82D964D7A302_2091968474 Label:PointLight3 SpatiallyLoaded:true EditorBounds:IsValid=true, Min=(X=1000.000 Y=-380.000 Z=-760.000), Max=(X=3000.000 Y=1620.000 Z=1240.000) RuntimeBounds:IsValid=true, Min=(X=1000.000 Y=-380.000 Z=-760.000), Max=(X=3000.000 Y=1620.000 Z=1240.000) RuntimeGrid:None EditorOnly:false RuntimeOnly:false HLODRelevant:false ListedInSceneOutliner:true IsMainWorldOnly:false
 |   |   |- [+] [  9]
 |   |   |   |- Guid:5B97F4A64FB21F77EFC44386BF705B4C NativeClass:/Script/Engine.TextRenderActor Name:TextRenderActor_1 Label:TextRenderActor SpatiallyLoaded:true EditorBounds:IsValid=true, Min=(X=-0.100 Y=1100.000 Z=65.013), Max=(X=-0.100 Y=2392.308 Z=215.013) RuntimeBounds:IsValid=true, Min=(X=-0.100 Y=1100.000 Z=65.013), Max=(X=-0.100 Y=2392.308 Z=215.013) RuntimeGrid:None EditorOnly:false RuntimeOnly:false HLODRelevant:false ListedInSceneOutliner:true IsMainWorldOnly:false
 |   |   |- [+] [ 10]
 |   |   |   |- Guid:5BD66C604B7B8DBA7B7B8CB042900DED BaseClass:/Game/Blueprints/BP_Enum.BP_Enum_C NativeClass:/Script/Engine.Actor Name:BP_Enum_C_UAID_D843AE82D964D9A302_1325094830 Label:BP_Enum2 SpatiallyLoaded:true EditorBounds:IsValid=true, Min=(X=2110.000 Y=1910.000 Z=-10.000), Max=(X=2210.000 Y=2010.000 Z=90.000) RuntimeBounds:IsValid=true, Min=(X=2110.000 Y=1910.000 Z=-10.000), Max=(X=2210.000 Y=2010.000 Z=90.000) RuntimeGrid:None EditorOnly:false RuntimeOnly:false HLODRelevant:false ListedInSceneOutliner:true IsMainWorldOnly:false
 |   |   |- [+] [ 11]
 |   |   |   |- Guid:5C4FABF8479BB39BEC1223945E6773E2 BaseClass:/Game/ThirdPerson/Blueprints/Character1.Character1_C NativeClass:/Script/Engine.Character Name:BP_ThirdPersonCharacter1_C_UAID_D843AE82D964D6A302_1101238291 Label:BP_ThirdPersonCharacter1 SpatiallyLoaded:true EditorBounds:IsValid=true, Min=(X=-100.000 Y=450.000 Z=-911.508), Max=(X=1920.000 Y=2470.000 Z=1108.492) RuntimeBounds:IsValid=true, Min=(X=1274.953 Y=1410.530 Z=-21.725), Max=(X=1348.034 Y=1507.611 Z=180.000) RuntimeGrid:None EditorOnly:false RuntimeOnly:false HLODRelevant:false ListedInSceneOutliner:true IsMainWorldOnly:false
 |   |   |- [+] [ 12]
 |   |   |   |- Guid:5DD68F7041F9B558C3FC6A844F2A587F BaseClass:/Game/Blueprints/BP_Construction.BP_Construction_C NativeClass:/Script/Engine.Actor Name:BP_Construction_C_UAID_D843AE82D964D5A302_1486934112 Label:BP_Construction SpatiallyLoaded:true EditorBounds:IsValid=true, Min=(X=1650.000 Y=880.000 Z=20.000), Max=(X=1750.000 Y=980.000 Z=120.000) RuntimeBounds:IsValid=true, Min=(X=1650.000 Y=880.000 Z=20.000), Max=(X=1750.000 Y=980.000 Z=120.000) RuntimeGrid:None EditorOnly:false RuntimeOnly:false HLODRelevant:false ListedInSceneOutliner:true IsMainWorldOnly:false
 |   |   |- [+] [ 13]
 |   |   |   |- Guid:687061B64D9A8E1E7836E3931BE88E12 NativeClass:/Script/Engine.TriggerVolume Name:TriggerVolume_UAID_D843AE82D964D8A302_1094970652 Label:TriggerVolume SpatiallyLoaded:true EditorBounds:IsValid=true, Min=(X=2190.000 Y=540.000 Z=10.000), Max=(X=2390.000 Y=740.000 Z=210.000) RuntimeBounds:IsValid=true, Min=(X=2190.000 Y=540.000 Z=10.000), Max=(X=2390.000 Y=740.000 Z=210.000) RuntimeGrid:None EditorOnly:false RuntimeOnly:false HLODRelevant:false ListedInSceneOutliner:true IsMainWorldOnly:false
 |   |   |- [+] [ 14]
 |   |   |   |- Guid:6BAF4DDD444C60371492D3919DB42C97 NativeClass:/Script/Engine.WorldDataLayers Name:WorldDataLayers Label:WorldDataLayers SpatiallyLoaded:false EditorBounds:IsValid=true, Min=(X=0.000 Y=0.000 Z=0.000), Max=(X=0.000 Y=0.000 Z=0.000) RuntimeBounds:IsValid=true, Min=(X=0.000 Y=0.000 Z=0.000), Max=(X=0.000 Y=0.000 Z=0.000) RuntimeGrid:None EditorOnly:false RuntimeOnly:false HLODRelevant:false ListedInSceneOutliner:true IsMainWorldOnly:true
 |   |   |- [+] [ 15]
 |   |   |   |- Guid:6D328DA1458C7E3E19C67B8FD6CD591F BaseClass:/Game/ThirdPerson/Blueprints/Character2.Character2_C NativeClass:/Script/Engine.Character Name:Character2_C_UAID_D843AE82D964D6A302_1151383292 Label:Character2 SpatiallyLoaded:true EditorBounds:IsValid=true, Min=(X=-60.000 Y=210.000 Z=-911.508), Max=(X=1960.000 Y=2230.000 Z=1108.492) RuntimeBounds:IsValid=true, Min=(X=1313.199 Y=1170.412 Z=-0.478), Max=(X=1385.903 Y=1258.040 Z=186.700) RuntimeGrid:None EditorOnly:false RuntimeOnly:false HLODRelevant:false ListedInSceneOutliner:true IsMainWorldOnly:false
 |   |   |- [+] [ 16]
 |   |   |   |- Guid:74B874B741B261948051FFA141B04A6A NativeClass:/Script/Engine.PointLight Name:PointLight_UAID_D843AE82D964D7A302_2089657473 Label:PointLight2 SpatiallyLoaded:true EditorBounds:IsValid=true, Min=(X=1000.000 Y=-310.000 Z=-760.000), Max=(X=3000.000 Y=1690.000 Z=1240.000) RuntimeBounds:IsValid=true, Min=(X=1000.000 Y=-310.000 Z=-760.000), Max=(X=3000.000 Y=1690.000 Z=1240.000) RuntimeGrid:None EditorOnly:false RuntimeOnly:false HLODRelevant:false ListedInSceneOutliner:true IsMainWorldOnly:false
 |   |   |- [+] [ 17]
 |   |   |   |- Guid:83607A5949F19FA9C192D4A9212547FC NativeClass:/Script/Engine.PointLight Name:PointLight_UAID_D843AE82D964D7A302_2066551472 Label:PointLight SpatiallyLoaded:true EditorBounds:IsValid=true, Min=(X=1000.000 Y=-240.000 Z=-760.000), Max=(X=3000.000 Y=1760.000 Z=1240.000) RuntimeBounds:IsValid=true, Min=(X=1000.000 Y=-240.000 Z=-760.000), Max=(X=3000.000 Y=1760.000 Z=1240.000) RuntimeGrid:None EditorOnly:false RuntimeOnly:false HLODRelevant:false ListedInSceneOutliner:true IsMainWorldOnly:false
 |   |   |- [+] [ 18]
 |   |   |   |- Guid:A56216954B2165CF0F35A886B537D536 NativeClass:/Script/Engine.StaticMeshActor Name:StaticMeshActor_0 Label:SM_Cube5 SpatiallyLoaded:true EditorBounds:IsValid=true, Min=(X=-0.000 Y=100.000 Z=0.000), Max=(X=100.000 Y=3400.000 Z=400.000) RuntimeBounds:IsValid=true, Min=(X=-0.000 Y=100.000 Z=0.000), Max=(X=100.000 Y=3400.000 Z=400.000) RuntimeGrid:None EditorOnly:false RuntimeOnly:false HLODRelevant:true ListedInSceneOutliner:true IsMainWorldOnly:false FolderPath:Playground FolderGuid:C73F09FC4215536B1DCE2A9E0A830C70
 |   |   |- [+] [ 19]
 |   |   |   |- Guid:B785ED2844B84CFB91E7F39FE661CD99 NativeClass:/Script/Engine.DirectionalLight Name:DirectionalLight_0 Label:DirectionalLight SpatiallyLoaded:false EditorBounds:IsValid=true, Min=(X=-1048576.000 Y=-1048576.000 Z=-1048576.000), Max=(X=1048576.000 Y=1048576.000 Z=1048576.000) RuntimeBounds:IsValid=true, Min=(X=-1048576.000 Y=-1048576.000 Z=-1048576.000), Max=(X=1048576.000 Y=1048576.000 Z=1048576.000) RuntimeGrid:None EditorOnly:false RuntimeOnly:false HLODRelevant:false ListedInSceneOutliner:true IsMainWorldOnly:false FolderPath:Lighting FolderGuid:963EC3EB4002CCE9759E2EBA541A873A
 |   |   |- [+] [ 20]
 |   |   |   |- Guid:BB88B29448FC35411E427E91EEE5E9F5 BaseClass:/Game/Blueprints/BP_Hello.BP_Hello_C NativeClass:/Script/Engine.Actor Name:BP_Hello_C_UAID_D843AE82D964D5A302_1407604111 Label:BP_Hello SpatiallyLoaded:true EditorBounds:IsValid=true, Min=(X=890.000 Y=930.000 Z=0.000), Max=(X=890.000 Y=930.000 Z=0.000) RuntimeBounds:IsValid=true, Min=(X=890.000 Y=930.000 Z=0.000), Max=(X=890.000 Y=930.000 Z=0.000) RuntimeGrid:None EditorOnly:false RuntimeOnly:false HLODRelevant:false ListedInSceneOutliner:true IsMainWorldOnly:false
 |   |   |- [+] [ 21]
 |   |   |   |- Guid:BC08B79C4EA3C961CFF75EBBE83B367D NativeClass:/Script/Engine.StaticMeshActor Name:StaticMeshActor_5 Label:SM_Cube2 SpatiallyLoaded:true EditorBounds:IsValid=true, Min=(X=0.000 Y=0.000 Z=0.000), Max=(X=3000.000 Y=100.000 Z=400.000) RuntimeBounds:IsValid=true, Min=(X=0.000 Y=0.000 Z=0.000), Max=(X=3000.000 Y=100.000 Z=400.000) RuntimeGrid:None EditorOnly:false RuntimeOnly:false HLODRelevant:true ListedInSceneOutliner:true IsMainWorldOnly:false FolderPath:Playground FolderGuid:C73F09FC4215536B1DCE2A9E0A830C70
 |   |   |- [+] [ 22]
 |   |   |   |- Guid:BDDEF0A747C894854C7103A6110951BC BaseClass:/Game/ThirdPerson/Blueprints/Character3.Character3_C NativeClass:/Script/Engine.Character Name:Character3_C_UAID_D843AE82D964D6A302_1155733293 Label:Character3 SpatiallyLoaded:true EditorBounds:IsValid=true, Min=(X=-20.000 Y=50.000 Z=-911.508), Max=(X=2000.000 Y=2070.000 Z=1108.492) RuntimeBounds:IsValid=true, Min=(X=1355.000 Y=1025.000 Z=-0.149), Max=(X=1427.592 Y=1095.000 Z=180.332) RuntimeGrid:None EditorOnly:false RuntimeOnly:false HLODRelevant:false ListedInSceneOutliner:true IsMainWorldOnly:false
 |   |   |- [+] [ 23]
 |   |   |   |- Guid:C928D22248EDA33557D6BB883486BDE7 BaseClass:/Game/Blueprints/BP_Explosion.BP_Explosion_C NativeClass:/Script/Engine.Actor Name:BP_Explosion_C_UAID_D843AE82D964D5A302_1748489113 Label:BP_Explosion SpatiallyLoaded:true EditorBounds:IsValid=true, Min=(X=1630.000 Y=1290.000 Z=0.000), Max=(X=1730.000 Y=1390.000 Z=100.000) RuntimeBounds:IsValid=true, Min=(X=1630.000 Y=1290.000 Z=0.000), Max=(X=1730.000 Y=1390.000 Z=100.000) RuntimeGrid:None EditorOnly:false RuntimeOnly:false HLODRelevant:false ListedInSceneOutliner:true IsMainWorldOnly:false
 |   |   |- [+] [ 24]
 |   |   |   |- Guid:CCFF262C46EEFFDF319E7F9539CE697E NativeClass:/Script/Engine.SkyAtmosphere Name:SkyAtmosphere_0 Label:SkyAtmosphere SpatiallyLoaded:false EditorBounds:IsValid=true, Min=(X=0.000 Y=0.000 Z=1020.000), Max=(X=0.000 Y=0.000 Z=1020.000) RuntimeBounds:IsValid=true, Min=(X=0.000 Y=0.000 Z=1020.000), Max=(X=0.000 Y=0.000 Z=1020.000) RuntimeGrid:None EditorOnly:false RuntimeOnly:false HLODRelevant:false ListedInSceneOutliner:true IsMainWorldOnly:false FolderPath:Lighting FolderGuid:963EC3EB4002CCE9759E2EBA541A873A
 |   |   |- [+] [ 25]
 |   |   |   |- Guid:EC4E0C944CE6AC6E784BC6BB2916EA13 NativeClass:/Script/Engine.StaticMeshActor Name:StaticMeshActor_UAID_A4AE111137DC5EFB00_1110535423 Label:SM_SkySphere SpatiallyLoaded:false EditorBounds:IsValid=true, Min=(X=-1638400.000 Y=-1638400.000 Z=-1638400.000), Max=(X=1638400.000 Y=1638400.000 Z=1638400.000) RuntimeBounds:IsValid=true, Min=(X=-1638400.000 Y=-1638400.000 Z=-1638400.000), Max=(X=1638400.000 Y=1638400.000 Z=1638400.000) RuntimeGrid:None EditorOnly:false RuntimeOnly:false HLODRelevant:true ListedInSceneOutliner:true IsMainWorldOnly:false FolderPath:Lighting FolderGuid:963EC3EB4002CCE9759E2EBA541A873A
 |   |   |- [+] [ 26]
 |   |   |   |- Guid:F1924B8D48954B30891B2DB6A694F9CC NativeClass:/Script/Engine.StaticMeshActor Name:StaticMeshActor_1 Label:SM_Cube SpatiallyLoaded:true EditorBounds:IsValid=true, Min=(X=0.000 Y=0.000 Z=-50.000), Max=(X=3000.000 Y=3500.000 Z=0.000) RuntimeBounds:IsValid=true, Min=(X=0.000 Y=0.000 Z=-50.000), Max=(X=3000.000 Y=3500.000 Z=0.000) RuntimeGrid:None EditorOnly:false RuntimeOnly:false HLODRelevant:true ListedInSceneOutliner:true IsMainWorldOnly:false FolderPath:Playground FolderGuid:C73F09FC4215536B1DCE2A9E0A830C70
 |   |   |- [+] [ 27]
 |   |   |   |- Guid:F5E3FEB3450C49844FD93DA8E083C8AD NativeClass:/Script/Engine.PostProcessVolume Name:PostProcessVolume_0 Label:PostProcessVolume SpatiallyLoaded:false EditorBounds:IsValid=true, Min=(X=0.000 Y=0.000 Z=400.000), Max=(X=200.000 Y=200.000 Z=600.000) RuntimeBounds:IsValid=true, Min=(X=0.000 Y=0.000 Z=400.000), Max=(X=200.000 Y=200.000 Z=600.000) RuntimeGrid:None EditorOnly:false RuntimeOnly:false HLODRelevant:false ListedInSceneOutliner:true IsMainWorldOnly:false FolderPath:Lighting FolderGuid:963EC3EB4002CCE9759E2EBA541A873A
 |   |   |- [+] [ 28]
 |   |   |   |- Guid:FF698C67459ADB4982D7759C0905EE9F NativeClass:/Script/Engine.StaticMeshActor Name:StaticMeshActor_6 Label:SM_Cube3 SpatiallyLoaded:true EditorBounds:IsValid=true, Min=(X=0.000 Y=3400.000 Z=0.000), Max=(X=3000.000 Y=3500.000 Z=400.000) RuntimeBounds:IsValid=true, Min=(X=0.000 Y=3400.000 Z=0.000), Max=(X=3000.000 Y=3500.000 Z=400.000) RuntimeGrid:None EditorOnly:false RuntimeOnly:false HLODRelevant:true ListedInSceneOutliner:true IsMainWorldOnly:false FolderPath:Playground FolderGuid:C73F09FC4215536B1DCE2A9E0A830C70
 |   |   |- [+] [ 29]
 |   |   |   |- Guid:FFBAEBF7425E154687A890B8031B2530 NativeClass:/Script/Engine.StaticMeshActor Name:StaticMeshActor_UAID_D843AE82D964D7A302_1121218470 Label:MaterialDisplay SpatiallyLoaded:true EditorBounds:IsValid=true, Min=(X=1750.000 Y=1500.000 Z=0.000), Max=(X=1850.000 Y=1600.000 Z=100.000) RuntimeBounds:IsValid=true, Min=(X=1750.000 Y=1500.000 Z=0.000), Max=(X=1850.000 Y=1600.000 Z=100.000) RuntimeGrid:None EditorOnly:false RuntimeOnly:false HLODRelevant:false ListedInSceneOutliner:true IsMainWorldOnly:false
 |- ContainerInstances:
 |- [+] MainContainer:
 |   |-        ID: 00000000000000000000000000000000
 |   |-  ParentID: 00000000000000000000000000000000
 |   |-    Bounds: IsValid=false, Min=(X=0.000 Y=0.000 Z=0.000), Max=(X=0.000 Y=0.000 Z=0.000)
 |   |- Transform: 0.000000,0.000000,0.000000|0.000000,0.000000,-0.000000|1.000000,1.000000,1.000000
 |   |- Container: /Game/ThirdPerson/Maps/ThirdPersonMap
----------------------------------------------------------------------------------------------------------------
ThirdPersonMap - Persistent Level
----------------------------------------------------------------------------------------------------------------
[+] Content of ThirdPersonMap Persistent Level
 |- Always loaded Actor Count: 30 
 |- Actor Path: /Game/ThirdPerson/Maps/ThirdPersonMap.ThirdPersonMap:PersistentLevel.BP_Construction_C_UAID_D843AE82D964D5A302_1486934112
 |- Actor Package: /Game/__ExternalActors__/ThirdPerson/Maps/ThirdPersonMap/A/D6/079CAM03SOPTV3Y8CDQTYB
 |- Actor Path: /Game/ThirdPerson/Maps/ThirdPersonMap.ThirdPersonMap:PersistentLevel.BP_Enum_C_UAID_D843AE82D964D9A302_1323307829
 |- Actor Package: /Game/__ExternalActors__/ThirdPerson/Maps/ThirdPersonMap/4/2V/M6AUO3XON4MZLNR7CY8N4Q
 |- Actor Path: /Game/ThirdPerson/Maps/ThirdPersonMap.ThirdPersonMap:PersistentLevel.BP_Enum_C_UAID_D843AE82D964D9A302_1325094830
 |- Actor Package: /Game/__ExternalActors__/ThirdPerson/Maps/ThirdPersonMap/B/6N/12BJ1S36IAH473ADF1JQUY
 |- Actor Path: /Game/ThirdPerson/Maps/ThirdPersonMap.ThirdPersonMap:PersistentLevel.BP_Enum_C_UAID_D843AE82D964D9A302_1327265831
 |- Actor Package: /Game/__ExternalActors__/ThirdPerson/Maps/ThirdPersonMap/0/0S/LYJCJUNWJMLUCBO93604SB
 |- Actor Path: /Game/ThirdPerson/Maps/ThirdPersonMap.ThirdPersonMap:PersistentLevel.BP_Explosion_C_UAID_D843AE82D964D5A302_1748489113
 |- Actor Package: /Game/__ExternalActors__/ThirdPerson/Maps/ThirdPersonMap/2/6Y/9ENZ0JFAC525SCUY272LUC
 |- Actor Path: /Game/ThirdPerson/Maps/ThirdPersonMap.ThirdPersonMap:PersistentLevel.BP_Hello_C_UAID_D843AE82D964D5A302_1407604111
 |- Actor Package: /Game/__ExternalActors__/ThirdPerson/Maps/ThirdPersonMap/6/81/D36WNXQV26IUD23MDZX6ML
 |- Actor Path: /Game/ThirdPerson/Maps/ThirdPersonMap.ThirdPersonMap:PersistentLevel.BP_ThirdPersonCharacter1_C_UAID_D843AE82D964D6A302_1101238291
 |- Actor Package: /Game/__ExternalActors__/ThirdPerson/Maps/ThirdPersonMap/0/0D/ESDO8TYG02DEQCNK4TQAD9
 |- Actor Path: /Game/ThirdPerson/Maps/ThirdPersonMap.ThirdPersonMap:PersistentLevel.BP_Wall_C_UAID_D843AE82D964D7A302_1996070471
 |- Actor Package: /Game/__ExternalActors__/ThirdPerson/Maps/ThirdPersonMap/8/9F/JDNR9UOVS6EF898G52JSSG
 |- Actor Path: /Game/ThirdPerson/Maps/ThirdPersonMap.ThirdPersonMap:PersistentLevel.Character2_C_UAID_D843AE82D964D6A302_1151383292
 |- Actor Package: /Game/__ExternalActors__/ThirdPerson/Maps/ThirdPersonMap/E/EC/09IQNMC6CUCXZER5J5IYUJ
 |- Actor Path: /Game/ThirdPerson/Maps/ThirdPersonMap.ThirdPersonMap:PersistentLevel.Character3_C_UAID_D843AE82D964D6A302_1155733293
 |- Actor Package: /Game/__ExternalActors__/ThirdPerson/Maps/ThirdPersonMap/8/IS/LGSEL5TAK7CGBDY1QV3XX7
 |- Actor Path: /Game/ThirdPerson/Maps/ThirdPersonMap.ThirdPersonMap:PersistentLevel.DirectionalLight_0
 |- Actor Package: /Game/__ExternalActors__/ThirdPerson/Maps/ThirdPersonMap/5/R1/TS5OQ5CRUWFZYL1ZQ7I416
 |- Actor Path: /Game/ThirdPerson/Maps/ThirdPersonMap.ThirdPersonMap:PersistentLevel.ExponentialHeightFog_0
 |- Actor Package: /Game/__ExternalActors__/ThirdPerson/Maps/ThirdPersonMap/6/J7/N10XDC9G27EMLS5AGZ6AVV
 |- Actor Path: /Game/ThirdPerson/Maps/ThirdPersonMap.ThirdPersonMap:PersistentLevel.PlayerStart_0
 |- Actor Package: /Game/__ExternalActors__/ThirdPerson/Maps/ThirdPersonMap/D/DE/SWSI13675DVYIZ0N4NF7Y3
 |- Actor Path: /Game/ThirdPerson/Maps/ThirdPersonMap.ThirdPersonMap:PersistentLevel.PointLight_UAID_D843AE82D964D7A302_2066551472
 |- Actor Package: /Game/__ExternalActors__/ThirdPerson/Maps/ThirdPersonMap/9/G2/H5MDPYUVI85209WV6KF756
 |- Actor Path: /Game/ThirdPerson/Maps/ThirdPersonMap.ThirdPersonMap:PersistentLevel.PointLight_UAID_D843AE82D964D7A302_2089657473
 |- Actor Package: /Game/__ExternalActors__/ThirdPerson/Maps/ThirdPersonMap/1/1T/F9YXCC94CHDZ8V6E2IZD94
 |- Actor Path: /Game/ThirdPerson/Maps/ThirdPersonMap.ThirdPersonMap:PersistentLevel.PointLight_UAID_D843AE82D964D7A302_2091968474
 |- Actor Package: /Game/__ExternalActors__/ThirdPerson/Maps/ThirdPersonMap/8/GP/4WQ3ICJTCJOJEDHQVOPUL9
 |- Actor Path: /Game/ThirdPerson/Maps/ThirdPersonMap.ThirdPersonMap:PersistentLevel.PointLight_UAID_D843AE82D964D7A302_2093670475
 |- Actor Package: /Game/__ExternalActors__/ThirdPerson/Maps/ThirdPersonMap/0/Z1/OPAQK41HI0TLV2HRJ60NVM
 |- Actor Path: /Game/ThirdPerson/Maps/ThirdPersonMap.ThirdPersonMap:PersistentLevel.PostProcessVolume_0
 |- Actor Package: /Game/__ExternalActors__/ThirdPerson/Maps/ThirdPersonMap/1/AZ/A7GPT109Y6ZTTJD4A7TXER
 |- Actor Path: /Game/ThirdPerson/Maps/ThirdPersonMap.ThirdPersonMap:PersistentLevel.SkyAtmosphere_0
 |- Actor Package: /Game/__ExternalActors__/ThirdPerson/Maps/ThirdPersonMap/4/LN/30UBDLYFFA5ZR7U4W4L4GG
 |- Actor Path: /Game/ThirdPerson/Maps/ThirdPersonMap.ThirdPersonMap:PersistentLevel.SkyLight_1
 |- Actor Package: /Game/__ExternalActors__/ThirdPerson/Maps/ThirdPersonMap/8/S1/DXUWD12MD3HRWVVXX076BY
 |- Actor Path: /Game/ThirdPerson/Maps/ThirdPersonMap.ThirdPersonMap:PersistentLevel.StaticMeshActor_0
 |- Actor Package: /Game/__ExternalActors__/ThirdPerson/Maps/ThirdPersonMap/A/MS/MRHJREJ6H7USQYWF1KO8F6
 |- Actor Path: /Game/ThirdPerson/Maps/ThirdPersonMap.ThirdPersonMap:PersistentLevel.StaticMeshActor_1
 |- Actor Package: /Game/__ExternalActors__/ThirdPerson/Maps/ThirdPersonMap/6/YO/NG2R9BPZVA7ZDN0Z4VSTG6
 |- Actor Path: /Game/ThirdPerson/Maps/ThirdPersonMap.ThirdPersonMap:PersistentLevel.StaticMeshActor_5
 |- Actor Package: /Game/__ExternalActors__/ThirdPerson/Maps/ThirdPersonMap/C/QF/BY1DA5CRGQSAMOTK8RA8KR
 |- Actor Path: /Game/ThirdPerson/Maps/ThirdPersonMap.ThirdPersonMap:PersistentLevel.StaticMeshActor_6
 |- Actor Package: /Game/__ExternalActors__/ThirdPerson/Maps/ThirdPersonMap/D/0G/JNKFA4X9LRMSF343ESPF6Q
 |- Actor Path: /Game/ThirdPerson/Maps/ThirdPersonMap.ThirdPersonMap:PersistentLevel.StaticMeshActor_UAID_A4AE111137DC5EFB00_1110535423
 |- Actor Package: /Game/__ExternalActors__/ThirdPerson/Maps/ThirdPersonMap/4/PN/2QISIGK5DJNQ05US8O8FXW
 |- Actor Path: /Game/ThirdPerson/Maps/ThirdPersonMap.ThirdPersonMap:PersistentLevel.StaticMeshActor_UAID_D843AE82D964D7A302_1121218470
 |- Actor Package: /Game/__ExternalActors__/ThirdPerson/Maps/ThirdPersonMap/C/NX/F0QQPH3MWOJ39OEB81KV7W
 |- Actor Path: /Game/ThirdPerson/Maps/ThirdPersonMap.ThirdPersonMap:PersistentLevel.TextRenderActor_1
 |- Actor Package: /Game/__ExternalActors__/ThirdPerson/Maps/ThirdPersonMap/1/WU/NB37RT5Q32Z8MJWD8BD2SO
 |- Actor Path: /Game/ThirdPerson/Maps/ThirdPersonMap.ThirdPersonMap:PersistentLevel.TriggerVolume_UAID_D843AE82D964D8A302_1094970652
 |- Actor Package: /Game/__ExternalActors__/ThirdPerson/Maps/ThirdPersonMap/2/GB/OR4OENU3QR40SY65B48UMU
 |- Actor Path: /Game/ThirdPerson/Maps/ThirdPersonMap.ThirdPersonMap:PersistentLevel.VolumetricCloud_0
 |- Actor Package: /Game/__ExternalActors__/ThirdPerson/Maps/ThirdPersonMap/3/EY/87SHEJN5UBEAN2K5OV1G6R
 |- Actor Path: /Game/ThirdPerson/Maps/ThirdPersonMap.ThirdPersonMap:PersistentLevel.WorldDataLayers
 |- Actor Package: /Game/__ExternalActors__/ThirdPerson/Maps/ThirdPersonMap/0/43/HYQWORMY4JDQ5X3OKZXFLC

----------------------------------------------------------------------------------------------------------------
ThirdPersonMap - Runtime Hash Set
----------------------------------------------------------------------------------------------------------------

